Warning: quadprog not found (GEM and A-GEM will not work)
Error in model agem
	- 
Error in model agem_r
Error in model gem
Error in model der_pretrained
	- cannot import name 'get_pretrained' from 'utils.metrics' (/cluster/home/dammeier/mammoth-bachelorthesis-new/utils/metrics.py)
Error in model der_permuted
Warning: n_epochs set to 1 instead of 50.
wandb: Currently logged in as: dammeier. Use `wandb login --relogin` to force relogin
wandb: wandb version 0.19.1 is available!  To upgrade, please run:
wandb:  $ pip install wandb --upgrade
wandb: Tracking run with wandb version 0.17.1
wandb: Run data is saved locally in /cluster/home/dammeier/mammoth-bachelorthesis-new/wandb/run-20241224_120203-2sbohm5w
wandb: Run `wandb offline` to turn off syncing.
wandb: Syncing run der_wa_B6DVX
wandb: ‚≠źÔłŹ View project at https://wandb.ai/dammeier/testing
wandb: ūüöÄ View run at https://wandb.ai/dammeier/testing/runs/2sbohm5w

[ 12-24 | 12:02 ] Task 1 | epoch 0
                                             
	- Took: 8.16 s                                                                
Accuracy for 1 task(s): 	 [Class-IL]: 75.4 % 	 [Task-IL]: 75.4 %
	Raw accuracy values: Class-IL [75.4] | Task-IL [75.4]
[ 12-24 | 12:02 ] Task 2 | epoch 0
                                             
	- Took: 6.55 s                                                                
Traceback (most recent call last):
  File "/cluster/home/dammeier/mammoth-bachelorthesis-new/utils/main.py", line 245, in <module>
    main()
  File "/cluster/home/dammeier/mammoth-bachelorthesis-new/utils/main.py", line 241, in main
    train(model, dataset, args)
  File "/cluster/home/dammeier/mammoth-bachelorthesis-new/utils/training.py", line 334, in train
    model.meta_end_task(dataset)
  File "/cluster/home/dammeier/mammoth-bachelorthesis-new/models/utils/continual_model.py", line 308, in meta_end_task
    self.end_task(dataset)
  File "/cluster/home/dammeier/mammoth-bachelorthesis-new/models/der_wa.py", line 154, in end_task
    self.net.classifier.weight[old_position:new_position] =  (mean_norm_old / mean_norm_new) * self.net.classifier.weight[old_position:new_position]
    ~~~~~~~~~~~~~~~~~~~~~~~~~~^^^^^^^^^^^^^^^^^^^^^^^^^^^
RuntimeError: a view of a leaf Variable that requires grad is being used in an in-place operation.
wandb: - 0.015 MB of 0.015 MB uploadedwandb: \ 0.015 MB of 0.015 MB uploadedwandb: | 0.015 MB of 0.015 MB uploadedwandb: / 0.015 MB of 0.015 MB uploadedwandb: - 0.027 MB of 0.038 MB uploaded (0.006 MB deduped)wandb: \ 0.038 MB of 0.038 MB uploaded (0.006 MB deduped)wandb: 
wandb: Run history:
wandb:     RESULT_class_acc_1 ‚ĖĀ
wandb: RESULT_class_mean_accs ‚ĖĀ
wandb:      RESULT_task_acc_1 ‚ĖĀ
wandb:  RESULT_task_mean_accs ‚ĖĀ
wandb:                   Task ‚ĖĀ
wandb:                   loss ‚Ėá‚ĖÖ‚ĖĄ‚ĖÉ‚ĖÉ‚ĖĄ‚ĖĄ‚Ėā‚ĖĀ‚ĖĄ‚ĖÉ‚ĖÉ‚Ėā‚ĖĄ‚ĖĀ‚ĖĄ‚ĖĀ‚ĖÉ‚ĖÉ‚ĖĄ‚Ėą‚ĖÖ‚ĖĄ‚ĖÖ‚ĖÖ‚ĖĄ‚ĖĄ‚ĖĄ‚ĖĄ‚ĖÖ‚ĖÉ‚ĖĄ‚ĖĄ‚ĖĄ‚ĖĄ‚ĖĄ‚ĖĄ‚ĖĄ‚ĖĄ‚ĖÉ
wandb:                loss_kl ‚ĖĀ‚ĖÜ‚Ėá‚Ėą‚Ėá‚Ėą‚ĖÜ‚Ėá‚Ėą‚Ėá‚Ėá‚Ėá‚Ėą‚Ėą‚Ėá‚Ėá‚ĖÜ‚Ėá‚Ėá‚ĖÜ‚Ėá‚ĖÜ‚Ėá‚Ėá‚Ėá‚ĖÜ‚Ėá‚Ėá‚ĖÜ‚Ėá‚Ėá‚Ėá‚Ėá‚Ėá‚Ėá‚Ėá‚ĖÖ‚Ėá‚ĖÜ‚ĖÜ
wandb:                     lr ‚ĖĀ‚ĖĀ‚ĖĀ‚ĖĀ‚ĖĀ‚ĖĀ‚ĖĀ‚ĖĀ‚ĖĀ‚ĖĀ‚ĖĀ‚ĖĀ‚ĖĀ‚ĖĀ‚ĖĀ‚ĖĀ‚ĖĀ‚ĖĀ‚ĖĀ‚ĖĀ‚ĖĀ‚ĖĀ‚ĖĀ‚ĖĀ‚ĖĀ‚ĖĀ‚ĖĀ‚ĖĀ‚ĖĀ‚ĖĀ‚ĖĀ‚ĖĀ‚ĖĀ‚ĖĀ‚ĖĀ‚ĖĀ‚ĖĀ‚ĖĀ‚ĖĀ‚ĖĀ
wandb:               tot_loss ‚ĖÖ‚ĖĄ‚ĖÉ‚Ėā‚ĖÉ‚ĖĄ‚ĖÉ‚Ėā‚ĖĀ‚ĖÉ‚Ėā‚ĖÉ‚Ėā‚ĖĄ‚ĖĀ‚ĖĄ‚ĖĀ‚Ėā‚Ėā‚ĖÉ‚Ėą‚ĖÜ‚ĖÖ‚ĖÜ‚ĖÜ‚ĖÖ‚ĖÖ‚ĖÖ‚ĖÖ‚ĖÜ‚ĖÖ‚ĖÖ‚ĖÖ‚ĖÖ‚ĖÖ‚ĖÖ‚ĖÖ‚ĖÖ‚ĖÖ‚ĖĄ
wandb: 
wandb: Run summary:
wandb:     RESULT_class_acc_1 75.4
wandb: RESULT_class_mean_accs 75.4
wandb:      RESULT_task_acc_1 75.4
wandb:  RESULT_task_mean_accs 75.4
wandb:                   Task 1
wandb:                   loss 0.62479
wandb:                loss_kl 0.15332
wandb:                     lr 0.01
wandb:               tot_loss 0.77812
wandb: 
wandb: ūüöÄ View run der_wa_B6DVX at: https://wandb.ai/dammeier/testing/runs/2sbohm5w
wandb: ‚≠źÔłŹ View project at: https://wandb.ai/dammeier/testing
wandb: Synced 5 W&B file(s), 0 media file(s), 2 artifact file(s) and 0 other file(s)
wandb: Find logs at: ./wandb/run-20241224_120203-2sbohm5w/logs
